Started GET "/" for 127.0.0.1 at 2018-06-28 16:39:21 +0800
  
ActiveRecord::PendingMigrationError (

Migrations are pending. To resolve this issue, run:

        bin/rails db:migrate RAILS_ENV=development

):
  
vendor/bundle/gems/activerecord-5.1.4/lib/active_record/migration.rb:576:in `check_pending!'
vendor/bundle/gems/activerecord-5.1.4/lib/active_record/migration.rb:553:in `call'
vendor/bundle/gems/actionpack-5.1.4/lib/action_dispatch/middleware/callbacks.rb:26:in `block in call'
vendor/bundle/gems/activesupport-5.1.4/lib/active_support/callbacks.rb:97:in `run_callbacks'
vendor/bundle/gems/actionpack-5.1.4/lib/action_dispatch/middleware/callbacks.rb:24:in `call'
vendor/bundle/gems/actionpack-5.1.4/lib/action_dispatch/middleware/executor.rb:12:in `call'
vendor/bundle/gems/actionpack-5.1.4/lib/action_dispatch/middleware/debug_exceptions.rb:59:in `call'
vendor/bundle/gems/web-console-3.5.1/lib/web_console/middleware.rb:135:in `call_app'
vendor/bundle/gems/web-console-3.5.1/lib/web_console/middleware.rb:28:in `block in call'
vendor/bundle/gems/web-console-3.5.1/lib/web_console/middleware.rb:18:in `catch'
vendor/bundle/gems/web-console-3.5.1/lib/web_console/middleware.rb:18:in `call'
vendor/bundle/gems/actionpack-5.1.4/lib/action_dispatch/middleware/show_exceptions.rb:31:in `call'
vendor/bundle/gems/railties-5.1.4/lib/rails/rack/logger.rb:36:in `call_app'
vendor/bundle/gems/railties-5.1.4/lib/rails/rack/logger.rb:24:in `block in call'
vendor/bundle/gems/activesupport-5.1.4/lib/active_support/tagged_logging.rb:69:in `block in tagged'
vendor/bundle/gems/activesupport-5.1.4/lib/active_support/tagged_logging.rb:26:in `tagged'
vendor/bundle/gems/activesupport-5.1.4/lib/active_support/tagged_logging.rb:69:in `tagged'
vendor/bundle/gems/railties-5.1.4/lib/rails/rack/logger.rb:24:in `call'
vendor/bundle/gems/sprockets-rails-3.2.1/lib/sprockets/rails/quiet_assets.rb:13:in `call'
vendor/bundle/gems/actionpack-5.1.4/lib/action_dispatch/middleware/remote_ip.rb:79:in `call'
vendor/bundle/gems/actionpack-5.1.4/lib/action_dispatch/middleware/request_id.rb:25:in `call'
vendor/bundle/gems/rack-2.0.3/lib/rack/method_override.rb:22:in `call'
vendor/bundle/gems/rack-2.0.3/lib/rack/runtime.rb:22:in `call'
vendor/bundle/gems/activesupport-5.1.4/lib/active_support/cache/strategy/local_cache_middleware.rb:27:in `call'
vendor/bundle/gems/actionpack-5.1.4/lib/action_dispatch/middleware/executor.rb:12:in `call'
vendor/bundle/gems/actionpack-5.1.4/lib/action_dispatch/middleware/static.rb:125:in `call'
vendor/bundle/gems/rack-2.0.3/lib/rack/sendfile.rb:111:in `call'
vendor/bundle/gems/railties-5.1.4/lib/rails/engine.rb:522:in `call'
vendor/bundle/gems/puma-3.11.2/lib/puma/configuration.rb:225:in `call'
vendor/bundle/gems/puma-3.11.2/lib/puma/server.rb:624:in `handle_request'
vendor/bundle/gems/puma-3.11.2/lib/puma/server.rb:438:in `process_client'
vendor/bundle/gems/puma-3.11.2/lib/puma/server.rb:302:in `block in run'
vendor/bundle/gems/puma-3.11.2/lib/puma/thread_pool.rb:120:in `block in spawn_thread'
Started GET "/" for 127.0.0.1 at 2018-06-28 16:39:26 +0800
  
ActiveRecord::PendingMigrationError (

Migrations are pending. To resolve this issue, run:

        bin/rails db:migrate RAILS_ENV=development

):
  
vendor/bundle/gems/activerecord-5.1.4/lib/active_record/migration.rb:576:in `check_pending!'
vendor/bundle/gems/activerecord-5.1.4/lib/active_record/migration.rb:553:in `call'
vendor/bundle/gems/actionpack-5.1.4/lib/action_dispatch/middleware/callbacks.rb:26:in `block in call'
vendor/bundle/gems/activesupport-5.1.4/lib/active_support/callbacks.rb:97:in `run_callbacks'
vendor/bundle/gems/actionpack-5.1.4/lib/action_dispatch/middleware/callbacks.rb:24:in `call'
vendor/bundle/gems/actionpack-5.1.4/lib/action_dispatch/middleware/executor.rb:12:in `call'
vendor/bundle/gems/actionpack-5.1.4/lib/action_dispatch/middleware/debug_exceptions.rb:59:in `call'
vendor/bundle/gems/web-console-3.5.1/lib/web_console/middleware.rb:135:in `call_app'
vendor/bundle/gems/web-console-3.5.1/lib/web_console/middleware.rb:28:in `block in call'
vendor/bundle/gems/web-console-3.5.1/lib/web_console/middleware.rb:18:in `catch'
vendor/bundle/gems/web-console-3.5.1/lib/web_console/middleware.rb:18:in `call'
vendor/bundle/gems/actionpack-5.1.4/lib/action_dispatch/middleware/show_exceptions.rb:31:in `call'
vendor/bundle/gems/railties-5.1.4/lib/rails/rack/logger.rb:36:in `call_app'
vendor/bundle/gems/railties-5.1.4/lib/rails/rack/logger.rb:24:in `block in call'
vendor/bundle/gems/activesupport-5.1.4/lib/active_support/tagged_logging.rb:69:in `block in tagged'
vendor/bundle/gems/activesupport-5.1.4/lib/active_support/tagged_logging.rb:26:in `tagged'
vendor/bundle/gems/activesupport-5.1.4/lib/active_support/tagged_logging.rb:69:in `tagged'
vendor/bundle/gems/railties-5.1.4/lib/rails/rack/logger.rb:24:in `call'
vendor/bundle/gems/sprockets-rails-3.2.1/lib/sprockets/rails/quiet_assets.rb:13:in `call'
vendor/bundle/gems/actionpack-5.1.4/lib/action_dispatch/middleware/remote_ip.rb:79:in `call'
vendor/bundle/gems/actionpack-5.1.4/lib/action_dispatch/middleware/request_id.rb:25:in `call'
vendor/bundle/gems/rack-2.0.3/lib/rack/method_override.rb:22:in `call'
vendor/bundle/gems/rack-2.0.3/lib/rack/runtime.rb:22:in `call'
vendor/bundle/gems/activesupport-5.1.4/lib/active_support/cache/strategy/local_cache_middleware.rb:27:in `call'
vendor/bundle/gems/actionpack-5.1.4/lib/action_dispatch/middleware/executor.rb:12:in `call'
vendor/bundle/gems/actionpack-5.1.4/lib/action_dispatch/middleware/static.rb:125:in `call'
vendor/bundle/gems/rack-2.0.3/lib/rack/sendfile.rb:111:in `call'
vendor/bundle/gems/railties-5.1.4/lib/rails/engine.rb:522:in `call'
vendor/bundle/gems/puma-3.11.2/lib/puma/configuration.rb:225:in `call'
vendor/bundle/gems/puma-3.11.2/lib/puma/server.rb:624:in `handle_request'
vendor/bundle/gems/puma-3.11.2/lib/puma/server.rb:438:in `process_client'
vendor/bundle/gems/puma-3.11.2/lib/puma/server.rb:302:in `block in run'
vendor/bundle/gems/puma-3.11.2/lib/puma/thread_pool.rb:120:in `block in spawn_thread'
Started GET "/" for 127.0.0.1 at 2018-06-28 16:39:29 +0800
  
ActiveRecord::PendingMigrationError (

Migrations are pending. To resolve this issue, run:

        bin/rails db:migrate RAILS_ENV=development

):
  
vendor/bundle/gems/activerecord-5.1.4/lib/active_record/migration.rb:576:in `check_pending!'
vendor/bundle/gems/activerecord-5.1.4/lib/active_record/migration.rb:553:in `call'
vendor/bundle/gems/actionpack-5.1.4/lib/action_dispatch/middleware/callbacks.rb:26:in `block in call'
vendor/bundle/gems/activesupport-5.1.4/lib/active_support/callbacks.rb:97:in `run_callbacks'
vendor/bundle/gems/actionpack-5.1.4/lib/action_dispatch/middleware/callbacks.rb:24:in `call'
vendor/bundle/gems/actionpack-5.1.4/lib/action_dispatch/middleware/executor.rb:12:in `call'
vendor/bundle/gems/actionpack-5.1.4/lib/action_dispatch/middleware/debug_exceptions.rb:59:in `call'
vendor/bundle/gems/web-console-3.5.1/lib/web_console/middleware.rb:135:in `call_app'
vendor/bundle/gems/web-console-3.5.1/lib/web_console/middleware.rb:28:in `block in call'
vendor/bundle/gems/web-console-3.5.1/lib/web_console/middleware.rb:18:in `catch'
vendor/bundle/gems/web-console-3.5.1/lib/web_console/middleware.rb:18:in `call'
vendor/bundle/gems/actionpack-5.1.4/lib/action_dispatch/middleware/show_exceptions.rb:31:in `call'
vendor/bundle/gems/railties-5.1.4/lib/rails/rack/logger.rb:36:in `call_app'
vendor/bundle/gems/railties-5.1.4/lib/rails/rack/logger.rb:24:in `block in call'
vendor/bundle/gems/activesupport-5.1.4/lib/active_support/tagged_logging.rb:69:in `block in tagged'
vendor/bundle/gems/activesupport-5.1.4/lib/active_support/tagged_logging.rb:26:in `tagged'
vendor/bundle/gems/activesupport-5.1.4/lib/active_support/tagged_logging.rb:69:in `tagged'
vendor/bundle/gems/railties-5.1.4/lib/rails/rack/logger.rb:24:in `call'
vendor/bundle/gems/sprockets-rails-3.2.1/lib/sprockets/rails/quiet_assets.rb:13:in `call'
vendor/bundle/gems/actionpack-5.1.4/lib/action_dispatch/middleware/remote_ip.rb:79:in `call'
vendor/bundle/gems/actionpack-5.1.4/lib/action_dispatch/middleware/request_id.rb:25:in `call'
vendor/bundle/gems/rack-2.0.3/lib/rack/method_override.rb:22:in `call'
vendor/bundle/gems/rack-2.0.3/lib/rack/runtime.rb:22:in `call'
vendor/bundle/gems/activesupport-5.1.4/lib/active_support/cache/strategy/local_cache_middleware.rb:27:in `call'
vendor/bundle/gems/actionpack-5.1.4/lib/action_dispatch/middleware/executor.rb:12:in `call'
vendor/bundle/gems/actionpack-5.1.4/lib/action_dispatch/middleware/static.rb:125:in `call'
vendor/bundle/gems/rack-2.0.3/lib/rack/sendfile.rb:111:in `call'
vendor/bundle/gems/railties-5.1.4/lib/rails/engine.rb:522:in `call'
vendor/bundle/gems/puma-3.11.2/lib/puma/configuration.rb:225:in `call'
vendor/bundle/gems/puma-3.11.2/lib/puma/server.rb:624:in `handle_request'
vendor/bundle/gems/puma-3.11.2/lib/puma/server.rb:438:in `process_client'
vendor/bundle/gems/puma-3.11.2/lib/puma/server.rb:302:in `block in run'
vendor/bundle/gems/puma-3.11.2/lib/puma/thread_pool.rb:120:in `block in spawn_thread'
  [1m[35m (0.1ms)[0m  [1m[34mSELECT sqlite_version(*)[0m
  [1m[35m (12.7ms)[0m  [1m[35mCREATE TABLE "schema_migrations" ("version" varchar NOT NULL PRIMARY KEY)[0m
  [1m[35m (1.0ms)[0m  [1m[35mCREATE TABLE "ar_internal_metadata" ("key" varchar NOT NULL PRIMARY KEY, "value" varchar, "created_at" datetime NOT NULL, "updated_at" datetime NOT NULL)[0m
  [1m[35m (0.1ms)[0m  [1m[34mSELECT "schema_migrations"."version" FROM "schema_migrations" ORDER BY "schema_migrations"."version" ASC[0m
Migrating to CreateTodoLists (20180130213137)
  [1m[35m (0.0ms)[0m  [1m[36mbegin transaction[0m
  [1m[35m (0.3ms)[0m  [1m[35mCREATE TABLE "todo_lists" ("id" INTEGER PRIMARY KEY AUTOINCREMENT NOT NULL, "title" varchar, "description" text, "created_at" datetime NOT NULL, "updated_at" datetime NOT NULL)[0m
  [1m[35mSQL (0.1ms)[0m  [1m[32mINSERT INTO "schema_migrations" ("version") VALUES (?)[0m  [["version", "20180130213137"]]
  [1m[35m (19.2ms)[0m  [1m[36mcommit transaction[0m
Migrating to CreateTodoItems (20180130215648)
  [1m[35m (0.1ms)[0m  [1m[36mbegin transaction[0m
  [1m[35m (0.5ms)[0m  [1m[35mCREATE TABLE "todo_items" ("id" INTEGER PRIMARY KEY AUTOINCREMENT NOT NULL, "content" varchar, "todo_list_id" integer, "created_at" datetime NOT NULL, "updated_at" datetime NOT NULL, CONSTRAINT "fk_rails_d913ce1c56"
FOREIGN KEY ("todo_list_id")
  REFERENCES "todo_lists" ("id")
)[0m
  [1m[35m (0.1ms)[0m  [1m[35mCREATE  INDEX "index_todo_items_on_todo_list_id" ON "todo_items" ("todo_list_id")[0m
  [1m[35mSQL (0.1ms)[0m  [1m[32mINSERT INTO "schema_migrations" ("version") VALUES (?)[0m  [["version", "20180130215648"]]
  [1m[35m (3.3ms)[0m  [1m[36mcommit transaction[0m
Migrating to AddCompletedAtToTodoItems (20180131005924)
  [1m[35m (0.1ms)[0m  [1m[36mbegin transaction[0m
  [1m[35m (0.4ms)[0m  [1m[35mALTER TABLE "todo_items" ADD "completed_at" datetime[0m
  [1m[35mSQL (0.1ms)[0m  [1m[32mINSERT INTO "schema_migrations" ("version") VALUES (?)[0m  [["version", "20180131005924"]]
  [1m[35m (0.8ms)[0m  [1m[36mcommit transaction[0m
  [1m[36mActiveRecord::InternalMetadata Load (0.1ms)[0m  [1m[34mSELECT  "ar_internal_metadata".* FROM "ar_internal_metadata" WHERE "ar_internal_metadata"."key" = ? LIMIT ?[0m  [["key", "environment"], ["LIMIT", 1]]
  [1m[35m (0.1ms)[0m  [1m[36mbegin transaction[0m
  [1m[35mSQL (0.5ms)[0m  [1m[32mINSERT INTO "ar_internal_metadata" ("key", "value", "created_at", "updated_at") VALUES (?, ?, ?, ?)[0m  [["key", "environment"], ["value", "development"], ["created_at", "2018-06-28 08:40:45.616884"], ["updated_at", "2018-06-28 08:40:45.616884"]]
  [1m[35m (1.1ms)[0m  [1m[36mcommit transaction[0m
  [1m[35m (2.3ms)[0m  [1m[34mSELECT "schema_migrations"."version" FROM "schema_migrations" ORDER BY "schema_migrations"."version" ASC[0m
  [1m[35m (0.1ms)[0m  [1m[34m            SELECT sql
            FROM sqlite_master
            WHERE name='index_todo_items_on_todo_list_id' AND type='index'
            UNION ALL
            SELECT sql
            FROM sqlite_temp_master
            WHERE name='index_todo_items_on_todo_list_id' AND type='index'
[0m
  [1m[35m (0.1ms)[0m  [1m[34mSELECT "schema_migrations"."version" FROM "schema_migrations" ORDER BY "schema_migrations"."version" ASC[0m
  [1m[36mActiveRecord::InternalMetadata Load (0.1ms)[0m  [1m[34mSELECT  "ar_internal_metadata".* FROM "ar_internal_metadata" WHERE "ar_internal_metadata"."key" = ? LIMIT ?[0m  [["key", "environment"], ["LIMIT", 1]]
  [1m[35m (0.0ms)[0m  [1m[36mbegin transaction[0m
  [1m[35m (0.0ms)[0m  [1m[36mcommit transaction[0m
  [1m[35m (0.0ms)[0m  [1m[34mSELECT "schema_migrations"."version" FROM "schema_migrations" ORDER BY "schema_migrations"."version" ASC[0m
  [1m[35m (0.1ms)[0m  [1m[34m            SELECT sql
            FROM sqlite_master
            WHERE name='index_todo_items_on_todo_list_id' AND type='index'
            UNION ALL
            SELECT sql
            FROM sqlite_temp_master
            WHERE name='index_todo_items_on_todo_list_id' AND type='index'
[0m
Started GET "/" for 127.0.0.1 at 2018-06-28 16:47:30 +0800
  [1m[35m (0.2ms)[0m  [1m[34mSELECT "schema_migrations"."version" FROM "schema_migrations" ORDER BY "schema_migrations"."version" ASC[0m
Processing by TodoListsController#index as HTML
  Rendering todo_lists/index.html.erb within layouts/application
  [1m[36mTodoList Load (0.2ms)[0m  [1m[34mSELECT "todo_lists".* FROM "todo_lists"[0m
  Rendered todo_lists/index.html.erb within layouts/application (10.2ms)
Completed 200 OK in 453ms (Views: 435.9ms | ActiveRecord: 0.4ms)


Started GET "/todo_lists/new" for 127.0.0.1 at 2018-06-28 16:47:35 +0800
Processing by TodoListsController#new as HTML
  Rendering todo_lists/new.html.erb within layouts/application
  Rendered todo_lists/_form.html.erb (13.7ms)
  Rendered todo_lists/new.html.erb within layouts/application (15.8ms)
Completed 200 OK in 47ms (Views: 37.6ms | ActiveRecord: 0.5ms)


Started POST "/todo_lists" for 127.0.0.1 at 2018-06-28 16:47:40 +0800
Processing by TodoListsController#create as HTML
  Parameters: {"utf8"=>"✓", "authenticity_token"=>"Qh341G/O4+pdWG+MWlUtvuiSWUIcN5b5e7dR6WLiPmSbjvxFy5mzAKqIzBRMr3L4dINrrEpcCumsbOpSwH+f/w==", "todo_list"=>{"title"=>"asdf", "description"=>"aaaa"}, "commit"=>"Create Todo list"}
  [1m[35m (0.1ms)[0m  [1m[36mbegin transaction[0m
  [1m[35mSQL (0.9ms)[0m  [1m[32mINSERT INTO "todo_lists" ("title", "description", "created_at", "updated_at") VALUES (?, ?, ?, ?)[0m  [["title", "asdf"], ["description", "aaaa"], ["created_at", "2018-06-28 08:47:40.686116"], ["updated_at", "2018-06-28 08:47:40.686116"]]
  [1m[35m (1.0ms)[0m  [1m[36mcommit transaction[0m
Redirected to http://localhost:3000/todo_lists/1
Completed 302 Found in 6ms (ActiveRecord: 2.0ms)


Started GET "/todo_lists/1" for 127.0.0.1 at 2018-06-28 16:47:40 +0800
Processing by TodoListsController#show as HTML
  Parameters: {"id"=>"1"}
  [1m[36mTodoList Load (0.2ms)[0m  [1m[34mSELECT  "todo_lists".* FROM "todo_lists" WHERE "todo_lists"."id" = ? LIMIT ?[0m  [["id", 1], ["LIMIT", 1]]
  Rendering todo_lists/show.html.erb within layouts/application
  [1m[36mTodoItem Load (0.1ms)[0m  [1m[34mSELECT "todo_items".* FROM "todo_items" WHERE "todo_items"."todo_list_id" = ?[0m  [["todo_list_id", 1]]
  Rendered collection of templates [0 times] (0.0ms)
  Rendered todo_items/_form.html.erb (19.4ms)
  Rendered todo_lists/show.html.erb within layouts/application (39.2ms)
Completed 200 OK in 66ms (Views: 60.5ms | ActiveRecord: 0.9ms)


Started POST "/todo_lists/1/todo_items" for 127.0.0.1 at 2018-06-28 16:47:46 +0800
Processing by TodoItemsController#create as HTML
  Parameters: {"utf8"=>"✓", "authenticity_token"=>"ytwBqeQVeCJonzzCFVXM2KZ9hYcx/EjvkXAIfU5mpF3qk13prSY+RMgTdE22fyNpgWAhmUKYw9TYSYQD8vCMdw==", "todo_item"=>{"content"=>"aaaa"}, "commit"=>"Create Todo item", "todo_list_id"=>"1"}
  [1m[36mTodoList Load (0.3ms)[0m  [1m[34mSELECT  "todo_lists".* FROM "todo_lists" WHERE "todo_lists"."id" = ? LIMIT ?[0m  [["id", 1], ["LIMIT", 1]]
  [1m[35m (0.2ms)[0m  [1m[36mbegin transaction[0m
  [1m[35mSQL (0.4ms)[0m  [1m[32mINSERT INTO "todo_items" ("content", "todo_list_id", "created_at", "updated_at") VALUES (?, ?, ?, ?)[0m  [["content", "aaaa"], ["todo_list_id", 1], ["created_at", "2018-06-28 08:47:46.850291"], ["updated_at", "2018-06-28 08:47:46.850291"]]
  [1m[35m (3.6ms)[0m  [1m[36mcommit transaction[0m
Redirected to http://localhost:3000/todo_lists/1
Completed 302 Found in 14ms (ActiveRecord: 4.4ms)


Started GET "/todo_lists/1" for 127.0.0.1 at 2018-06-28 16:47:46 +0800
Processing by TodoListsController#show as HTML
  Parameters: {"id"=>"1"}
  [1m[36mTodoList Load (0.3ms)[0m  [1m[34mSELECT  "todo_lists".* FROM "todo_lists" WHERE "todo_lists"."id" = ? LIMIT ?[0m  [["id", 1], ["LIMIT", 1]]
  Rendering todo_lists/show.html.erb within layouts/application
  [1m[36mTodoItem Load (0.2ms)[0m  [1m[34mSELECT "todo_items".* FROM "todo_items" WHERE "todo_items"."todo_list_id" = ?[0m  [["todo_list_id", 1]]
  Rendered collection of todo_items/_todo_item.html.erb [1 times] (3.9ms)
  Rendered todo_items/_form.html.erb (1.9ms)
  Rendered todo_lists/show.html.erb within layouts/application (12.7ms)
Completed 200 OK in 43ms (Views: 38.8ms | ActiveRecord: 0.5ms)


Started POST "/todo_lists/1/todo_items" for 127.0.0.1 at 2018-06-28 16:47:49 +0800
Processing by TodoItemsController#create as HTML
  Parameters: {"utf8"=>"✓", "authenticity_token"=>"cxsf5keFq7Tv460WkGyQos3RGqdT9qMADrxyIcqujR9TVEOmDrbt0k9v5ZkzRn8T6sy+uSCSKDtHhf5fdjilNQ==", "todo_item"=>{"content"=>"aaaa"}, "commit"=>"Create Todo item", "todo_list_id"=>"1"}
  [1m[36mTodoList Load (0.1ms)[0m  [1m[34mSELECT  "todo_lists".* FROM "todo_lists" WHERE "todo_lists"."id" = ? LIMIT ?[0m  [["id", 1], ["LIMIT", 1]]
  [1m[35m (0.1ms)[0m  [1m[36mbegin transaction[0m
  [1m[35mSQL (2.7ms)[0m  [1m[32mINSERT INTO "todo_items" ("content", "todo_list_id", "created_at", "updated_at") VALUES (?, ?, ?, ?)[0m  [["content", "aaaa"], ["todo_list_id", 1], ["created_at", "2018-06-28 08:47:49.258487"], ["updated_at", "2018-06-28 08:47:49.258487"]]
  [1m[35m (2.6ms)[0m  [1m[36mcommit transaction[0m
Redirected to http://localhost:3000/todo_lists/1
Completed 302 Found in 10ms (ActiveRecord: 5.5ms)


Started GET "/todo_lists/1" for 127.0.0.1 at 2018-06-28 16:47:49 +0800
Processing by TodoListsController#show as HTML
  Parameters: {"id"=>"1"}
  [1m[36mTodoList Load (0.1ms)[0m  [1m[34mSELECT  "todo_lists".* FROM "todo_lists" WHERE "todo_lists"."id" = ? LIMIT ?[0m  [["id", 1], ["LIMIT", 1]]
  Rendering todo_lists/show.html.erb within layouts/application
  [1m[36mTodoItem Load (0.2ms)[0m  [1m[34mSELECT "todo_items".* FROM "todo_items" WHERE "todo_items"."todo_list_id" = ?[0m  [["todo_list_id", 1]]
  Rendered collection of todo_items/_todo_item.html.erb [2 times] (15.6ms)
  Rendered todo_items/_form.html.erb (2.6ms)
  Rendered todo_lists/show.html.erb within layouts/application (24.1ms)
Completed 200 OK in 60ms (Views: 56.7ms | ActiveRecord: 0.4ms)


Started PATCH "/todo_lists/1/todo_items/2/complete" for 127.0.0.1 at 2018-06-28 16:47:50 +0800
Processing by TodoItemsController#complete as HTML
  Parameters: {"authenticity_token"=>"1nNGY98Pq+EwGUrvF5OHzrP7oLqDR8a3vdbrOUawN0r2PBojljzth5CVAmC0uWh/lOYEpPAjTYz072dH+iYfYA==", "todo_list_id"=>"1", "id"=>"2"}
  [1m[36mTodoList Load (0.1ms)[0m  [1m[34mSELECT  "todo_lists".* FROM "todo_lists" WHERE "todo_lists"."id" = ? LIMIT ?[0m  [["id", 1], ["LIMIT", 1]]
  [1m[36mTodoItem Load (0.2ms)[0m  [1m[34mSELECT  "todo_items".* FROM "todo_items" WHERE "todo_items"."todo_list_id" = ? AND "todo_items"."id" = ? LIMIT ?[0m  [["todo_list_id", 1], ["id", 2], ["LIMIT", 1]]
  [1m[35m (0.0ms)[0m  [1m[36mbegin transaction[0m
  [1m[35mSQL (0.9ms)[0m  [1m[33mUPDATE "todo_items" SET "completed_at" = ?, "updated_at" = ? WHERE "todo_items"."id" = ?[0m  [["completed_at", "2018-06-28 08:47:50.690493"], ["updated_at", "2018-06-28 08:47:50.690975"], ["id", 2]]
  [1m[35m (3.0ms)[0m  [1m[36mcommit transaction[0m
Redirected to http://localhost:3000/todo_lists/1
Completed 302 Found in 10ms (ActiveRecord: 4.4ms)


Started GET "/todo_lists/1" for 127.0.0.1 at 2018-06-28 16:47:50 +0800
Processing by TodoListsController#show as HTML
  Parameters: {"id"=>"1"}
  [1m[36mTodoList Load (0.2ms)[0m  [1m[34mSELECT  "todo_lists".* FROM "todo_lists" WHERE "todo_lists"."id" = ? LIMIT ?[0m  [["id", 1], ["LIMIT", 1]]
  Rendering todo_lists/show.html.erb within layouts/application
  [1m[36mTodoItem Load (0.2ms)[0m  [1m[34mSELECT "todo_items".* FROM "todo_items" WHERE "todo_items"."todo_list_id" = ?[0m  [["todo_list_id", 1]]
  Rendered collection of todo_items/_todo_item.html.erb [2 times] (1.2ms)
  Rendered todo_items/_form.html.erb (1.0ms)
  Rendered todo_lists/show.html.erb within layouts/application (31.7ms)
Completed 200 OK in 64ms (Views: 61.4ms | ActiveRecord: 0.3ms)


Started PATCH "/todo_lists/1/todo_items/1/complete" for 127.0.0.1 at 2018-06-28 16:47:51 +0800
Processing by TodoItemsController#complete as HTML
  Parameters: {"authenticity_token"=>"9C9l7gORy1TUZIcCVwojXtPVJfDAh0VRjrertDMkMcfUYDmuSqKNMnToz430IMzv9MiB7rPjzmrHjifKj7IZ7Q==", "todo_list_id"=>"1", "id"=>"1"}
  [1m[36mTodoList Load (0.2ms)[0m  [1m[34mSELECT  "todo_lists".* FROM "todo_lists" WHERE "todo_lists"."id" = ? LIMIT ?[0m  [["id", 1], ["LIMIT", 1]]
  [1m[36mTodoItem Load (0.2ms)[0m  [1m[34mSELECT  "todo_items".* FROM "todo_items" WHERE "todo_items"."todo_list_id" = ? AND "todo_items"."id" = ? LIMIT ?[0m  [["todo_list_id", 1], ["id", 1], ["LIMIT", 1]]
  [1m[35m (0.0ms)[0m  [1m[36mbegin transaction[0m
  [1m[35mSQL (0.3ms)[0m  [1m[33mUPDATE "todo_items" SET "completed_at" = ?, "updated_at" = ? WHERE "todo_items"."id" = ?[0m  [["completed_at", "2018-06-28 08:47:51.953118"], ["updated_at", "2018-06-28 08:47:51.953529"], ["id", 1]]
  [1m[35m (2.6ms)[0m  [1m[36mcommit transaction[0m
Redirected to http://localhost:3000/todo_lists/1
Completed 302 Found in 8ms (ActiveRecord: 3.4ms)


Started GET "/todo_lists/1" for 127.0.0.1 at 2018-06-28 16:47:51 +0800
Processing by TodoListsController#show as HTML
  Parameters: {"id"=>"1"}
  [1m[36mTodoList Load (0.1ms)[0m  [1m[34mSELECT  "todo_lists".* FROM "todo_lists" WHERE "todo_lists"."id" = ? LIMIT ?[0m  [["id", 1], ["LIMIT", 1]]
  Rendering todo_lists/show.html.erb within layouts/application
  [1m[36mTodoItem Load (0.1ms)[0m  [1m[34mSELECT "todo_items".* FROM "todo_items" WHERE "todo_items"."todo_list_id" = ?[0m  [["todo_list_id", 1]]
  Rendered collection of todo_items/_todo_item.html.erb [2 times] (1.4ms)
  Rendered todo_items/_form.html.erb (2.1ms)
  Rendered todo_lists/show.html.erb within layouts/application (7.8ms)
Completed 200 OK in 27ms (Views: 24.6ms | ActiveRecord: 0.2ms)


Started DELETE "/todo_lists/1" for 127.0.0.1 at 2018-06-28 16:47:55 +0800
Processing by TodoListsController#destroy as HTML
  Parameters: {"authenticity_token"=>"VKp4dneNwEsPyC087tb4NqvZlQxEkPNNSHs22mtlEdV05SQ2Pr6GLa9EZbNN/BeHjMQxEjf0eHYBQrqk1/M5/w==", "id"=>"1"}
  [1m[36mTodoList Load (0.3ms)[0m  [1m[34mSELECT  "todo_lists".* FROM "todo_lists" WHERE "todo_lists"."id" = ? LIMIT ?[0m  [["id", 1], ["LIMIT", 1]]
  [1m[35m (0.1ms)[0m  [1m[36mbegin transaction[0m
  [1m[35mSQL (0.8ms)[0m  [1m[31mDELETE FROM "todo_lists" WHERE "todo_lists"."id" = ?[0m  [["id", 1]]
  [1m[35m (3.1ms)[0m  [1m[31mrollback transaction[0m
Completed 500 Internal Server Error in 8ms (ActiveRecord: 4.2ms)


  
ActiveRecord::InvalidForeignKey (SQLite3::ConstraintException: FOREIGN KEY constraint failed: DELETE FROM "todo_lists" WHERE "todo_lists"."id" = ?):
  
app/controllers/todo_lists_controller.rb:57:in `destroy'
Started GET "/todo_lists/1/edit" for 127.0.0.1 at 2018-06-28 16:48:10 +0800
Processing by TodoListsController#edit as HTML
  Parameters: {"id"=>"1"}
  [1m[36mTodoList Load (0.2ms)[0m  [1m[34mSELECT  "todo_lists".* FROM "todo_lists" WHERE "todo_lists"."id" = ? LIMIT ?[0m  [["id", 1], ["LIMIT", 1]]
  Rendering todo_lists/edit.html.erb within layouts/application
  Rendered todo_lists/_form.html.erb (3.2ms)
  Rendered todo_lists/edit.html.erb within layouts/application (5.1ms)
Completed 200 OK in 24ms (Views: 22.0ms | ActiveRecord: 0.2ms)


Started PATCH "/todo_lists/1" for 127.0.0.1 at 2018-06-28 16:48:11 +0800
Processing by TodoListsController#update as HTML
  Parameters: {"utf8"=>"✓", "authenticity_token"=>"c8x1IRndroArZeeXyxTbGJww8RCwDYne2/yms5BvslUhAVCySPzSM5dS6s7ljBjCRW24euFLz9DR5hCH9DmOKw==", "todo_list"=>{"title"=>"asdf", "description"=>"aaaa"}, "commit"=>"Update Todo list", "id"=>"1"}
  [1m[36mTodoList Load (0.1ms)[0m  [1m[34mSELECT  "todo_lists".* FROM "todo_lists" WHERE "todo_lists"."id" = ? LIMIT ?[0m  [["id", 1], ["LIMIT", 1]]
  [1m[35m (0.1ms)[0m  [1m[36mbegin transaction[0m
  [1m[35m (0.0ms)[0m  [1m[36mcommit transaction[0m
Redirected to http://localhost:3000/todo_lists/1
Completed 302 Found in 3ms (ActiveRecord: 0.3ms)


Started GET "/todo_lists/1" for 127.0.0.1 at 2018-06-28 16:48:11 +0800
Processing by TodoListsController#show as HTML
  Parameters: {"id"=>"1"}
  [1m[36mTodoList Load (0.1ms)[0m  [1m[34mSELECT  "todo_lists".* FROM "todo_lists" WHERE "todo_lists"."id" = ? LIMIT ?[0m  [["id", 1], ["LIMIT", 1]]
  Rendering todo_lists/show.html.erb within layouts/application
  [1m[36mTodoItem Load (0.1ms)[0m  [1m[34mSELECT "todo_items".* FROM "todo_items" WHERE "todo_items"."todo_list_id" = ?[0m  [["todo_list_id", 1]]
  Rendered collection of todo_items/_todo_item.html.erb [2 times] (1.7ms)
  Rendered todo_items/_form.html.erb (1.6ms)
  Rendered todo_lists/show.html.erb within layouts/application (8.8ms)
Completed 200 OK in 27ms (Views: 24.0ms | ActiveRecord: 0.2ms)


Started POST "/todo_lists/1/todo_items" for 127.0.0.1 at 2018-06-28 16:48:13 +0800
Processing by TodoItemsController#create as HTML
  Parameters: {"utf8"=>"✓", "authenticity_token"=>"h/DePYQkdKXEPSVi4/7/CBqhaRY4bmO9TP74EGdFpDOnv4J9zRcyw2Sxbe1A1BC5PbzNCEsK6IYFx3Ru29OMGQ==", "todo_item"=>{"content"=>""}, "commit"=>"Create Todo item", "todo_list_id"=>"1"}
  [1m[36mTodoList Load (0.2ms)[0m  [1m[34mSELECT  "todo_lists".* FROM "todo_lists" WHERE "todo_lists"."id" = ? LIMIT ?[0m  [["id", 1], ["LIMIT", 1]]
  [1m[35m (0.1ms)[0m  [1m[36mbegin transaction[0m
  [1m[35mSQL (0.3ms)[0m  [1m[32mINSERT INTO "todo_items" ("content", "todo_list_id", "created_at", "updated_at") VALUES (?, ?, ?, ?)[0m  [["content", ""], ["todo_list_id", 1], ["created_at", "2018-06-28 08:48:13.089360"], ["updated_at", "2018-06-28 08:48:13.089360"]]
  [1m[35m (1.3ms)[0m  [1m[36mcommit transaction[0m
Redirected to http://localhost:3000/todo_lists/1
Completed 302 Found in 6ms (ActiveRecord: 1.7ms)


Started GET "/todo_lists/1" for 127.0.0.1 at 2018-06-28 16:48:13 +0800
Processing by TodoListsController#show as HTML
  Parameters: {"id"=>"1"}
  [1m[36mTodoList Load (0.1ms)[0m  [1m[34mSELECT  "todo_lists".* FROM "todo_lists" WHERE "todo_lists"."id" = ? LIMIT ?[0m  [["id", 1], ["LIMIT", 1]]
  Rendering todo_lists/show.html.erb within layouts/application
  [1m[36mTodoItem Load (0.1ms)[0m  [1m[34mSELECT "todo_items".* FROM "todo_items" WHERE "todo_items"."todo_list_id" = ?[0m  [["todo_list_id", 1]]
  Rendered collection of todo_items/_todo_item.html.erb [3 times] (1.5ms)
  Rendered todo_items/_form.html.erb (1.5ms)
  Rendered todo_lists/show.html.erb within layouts/application (8.0ms)
Completed 200 OK in 34ms (Views: 31.2ms | ActiveRecord: 0.2ms)


Started DELETE "/todo_lists/1/todo_items/3" for 127.0.0.1 at 2018-06-28 16:48:16 +0800
Processing by TodoItemsController#destroy as HTML
  Parameters: {"authenticity_token"=>"mCkAo5HNXr2UWUxlJ/re0MN+QKP4Llr2CnHYvWx1HtW4Zlzj2P4Y2zTVBOqE0DFh5GPkvYtK0c1DSFTD0OM2/w==", "todo_list_id"=>"1", "id"=>"3"}
  [1m[36mTodoList Load (0.1ms)[0m  [1m[34mSELECT  "todo_lists".* FROM "todo_lists" WHERE "todo_lists"."id" = ? LIMIT ?[0m  [["id", 1], ["LIMIT", 1]]
  [1m[36mTodoItem Load (0.1ms)[0m  [1m[34mSELECT  "todo_items".* FROM "todo_items" WHERE "todo_items"."todo_list_id" = ? AND "todo_items"."id" = ? LIMIT ?[0m  [["todo_list_id", 1], ["id", 3], ["LIMIT", 1]]
  [1m[36mCACHE TodoItem Load (0.0ms)[0m  [1m[34mSELECT  "todo_items".* FROM "todo_items" WHERE "todo_items"."todo_list_id" = ? AND "todo_items"."id" = ? LIMIT ?[0m  [["todo_list_id", 1], ["id", 3], ["LIMIT", 1]]
  [1m[35m (0.0ms)[0m  [1m[36mbegin transaction[0m
  [1m[35mSQL (0.2ms)[0m  [1m[31mDELETE FROM "todo_items" WHERE "todo_items"."id" = ?[0m  [["id", 3]]
  [1m[35m (3.0ms)[0m  [1m[36mcommit transaction[0m
Redirected to http://localhost:3000/todo_lists/1
Completed 302 Found in 7ms (ActiveRecord: 3.5ms)


Started GET "/todo_lists/1" for 127.0.0.1 at 2018-06-28 16:48:16 +0800
Processing by TodoListsController#show as HTML
  Parameters: {"id"=>"1"}
  [1m[36mTodoList Load (0.1ms)[0m  [1m[34mSELECT  "todo_lists".* FROM "todo_lists" WHERE "todo_lists"."id" = ? LIMIT ?[0m  [["id", 1], ["LIMIT", 1]]
  Rendering todo_lists/show.html.erb within layouts/application
  [1m[36mTodoItem Load (0.2ms)[0m  [1m[34mSELECT "todo_items".* FROM "todo_items" WHERE "todo_items"."todo_list_id" = ?[0m  [["todo_list_id", 1]]
  Rendered collection of todo_items/_todo_item.html.erb [2 times] (2.2ms)
  Rendered todo_items/_form.html.erb (1.9ms)
  Rendered todo_lists/show.html.erb within layouts/application (13.9ms)
Completed 200 OK in 33ms (Views: 30.7ms | ActiveRecord: 0.3ms)


Started DELETE "/todo_lists/1/todo_items/2" for 127.0.0.1 at 2018-06-28 16:48:18 +0800
Processing by TodoItemsController#destroy as HTML
  Parameters: {"authenticity_token"=>"986APBpmDr/Gvg2NndbuyyM2sdrB2noJJET0BWoU5FnXgdx8U1VI2WYyRQI+/AF6BCsVxLK+8TJtfXh71oLMcw==", "todo_list_id"=>"1", "id"=>"2"}
  [1m[36mTodoList Load (0.1ms)[0m  [1m[34mSELECT  "todo_lists".* FROM "todo_lists" WHERE "todo_lists"."id" = ? LIMIT ?[0m  [["id", 1], ["LIMIT", 1]]
  [1m[36mTodoItem Load (0.2ms)[0m  [1m[34mSELECT  "todo_items".* FROM "todo_items" WHERE "todo_items"."todo_list_id" = ? AND "todo_items"."id" = ? LIMIT ?[0m  [["todo_list_id", 1], ["id", 2], ["LIMIT", 1]]
  [1m[36mCACHE TodoItem Load (0.0ms)[0m  [1m[34mSELECT  "todo_items".* FROM "todo_items" WHERE "todo_items"."todo_list_id" = ? AND "todo_items"."id" = ? LIMIT ?[0m  [["todo_list_id", 1], ["id", 2], ["LIMIT", 1]]
  [1m[35m (0.1ms)[0m  [1m[36mbegin transaction[0m
  [1m[35mSQL (0.3ms)[0m  [1m[31mDELETE FROM "todo_items" WHERE "todo_items"."id" = ?[0m  [["id", 2]]
  [1m[35m (2.6ms)[0m  [1m[36mcommit transaction[0m
Redirected to http://localhost:3000/todo_lists/1
Completed 302 Found in 10ms (ActiveRecord: 3.4ms)


Started GET "/todo_lists/1" for 127.0.0.1 at 2018-06-28 16:48:18 +0800
Processing by TodoListsController#show as HTML
  Parameters: {"id"=>"1"}
  [1m[36mTodoList Load (0.2ms)[0m  [1m[34mSELECT  "todo_lists".* FROM "todo_lists" WHERE "todo_lists"."id" = ? LIMIT ?[0m  [["id", 1], ["LIMIT", 1]]
  Rendering todo_lists/show.html.erb within layouts/application
  [1m[36mTodoItem Load (0.1ms)[0m  [1m[34mSELECT "todo_items".* FROM "todo_items" WHERE "todo_items"."todo_list_id" = ?[0m  [["todo_list_id", 1]]
  Rendered collection of todo_items/_todo_item.html.erb [1 times] (1.4ms)
  Rendered todo_items/_form.html.erb (1.6ms)
  Rendered todo_lists/show.html.erb within layouts/application (7.6ms)
Completed 200 OK in 32ms (Views: 28.4ms | ActiveRecord: 0.3ms)


Started DELETE "/todo_lists/1/todo_items/1" for 127.0.0.1 at 2018-06-28 16:48:21 +0800
Processing by TodoItemsController#destroy as HTML
  Parameters: {"authenticity_token"=>"O7WX4wnjml6hxvM+hG09+Hajvpt378qommiE7BBaEu8b+sujQNDcOAFKu7EnR9JJUb4ahQSLQZPTUQiSrMw6xQ==", "todo_list_id"=>"1", "id"=>"1"}
  [1m[36mTodoList Load (0.2ms)[0m  [1m[34mSELECT  "todo_lists".* FROM "todo_lists" WHERE "todo_lists"."id" = ? LIMIT ?[0m  [["id", 1], ["LIMIT", 1]]
  [1m[36mTodoItem Load (0.7ms)[0m  [1m[34mSELECT  "todo_items".* FROM "todo_items" WHERE "todo_items"."todo_list_id" = ? AND "todo_items"."id" = ? LIMIT ?[0m  [["todo_list_id", 1], ["id", 1], ["LIMIT", 1]]
  [1m[36mCACHE TodoItem Load (0.0ms)[0m  [1m[34mSELECT  "todo_items".* FROM "todo_items" WHERE "todo_items"."todo_list_id" = ? AND "todo_items"."id" = ? LIMIT ?[0m  [["todo_list_id", 1], ["id", 1], ["LIMIT", 1]]
  [1m[35m (0.1ms)[0m  [1m[36mbegin transaction[0m
  [1m[35mSQL (0.2ms)[0m  [1m[31mDELETE FROM "todo_items" WHERE "todo_items"."id" = ?[0m  [["id", 1]]
  [1m[35m (2.3ms)[0m  [1m[36mcommit transaction[0m
Redirected to http://localhost:3000/todo_lists/1
Completed 302 Found in 10ms (ActiveRecord: 3.6ms)


Started GET "/todo_lists/1" for 127.0.0.1 at 2018-06-28 16:48:21 +0800
Processing by TodoListsController#show as HTML
  Parameters: {"id"=>"1"}
  [1m[36mTodoList Load (0.1ms)[0m  [1m[34mSELECT  "todo_lists".* FROM "todo_lists" WHERE "todo_lists"."id" = ? LIMIT ?[0m  [["id", 1], ["LIMIT", 1]]
  Rendering todo_lists/show.html.erb within layouts/application
  [1m[36mTodoItem Load (0.1ms)[0m  [1m[34mSELECT "todo_items".* FROM "todo_items" WHERE "todo_items"."todo_list_id" = ?[0m  [["todo_list_id", 1]]
  Rendered collection of templates [0 times] (0.0ms)
  Rendered todo_items/_form.html.erb (1.8ms)
  Rendered todo_lists/show.html.erb within layouts/application (4.7ms)
Completed 200 OK in 28ms (Views: 25.4ms | ActiveRecord: 0.3ms)


Started GET "/" for 127.0.0.1 at 2018-06-28 17:36:30 +0800
  [1m[35m (0.1ms)[0m  [1m[34mSELECT "schema_migrations"."version" FROM "schema_migrations" ORDER BY "schema_migrations"."version" ASC[0m
Processing by TodoListsController#index as HTML
  Rendering todo_lists/index.html.erb within layouts/application
  [1m[36mTodoList Load (0.6ms)[0m  [1m[34mSELECT "todo_lists".* FROM "todo_lists"[0m
  Rendered todo_lists/index.html.erb within layouts/application (12.7ms)
Completed 200 OK in 176ms (Views: 160.4ms | ActiveRecord: 1.1ms)


Started GET "/todo_lists/new" for 127.0.0.1 at 2018-06-28 17:36:34 +0800
Processing by TodoListsController#new as HTML
  Rendering todo_lists/new.html.erb within layouts/application
  Rendered todo_lists/_form.html.erb (11.9ms)
  Rendered todo_lists/new.html.erb within layouts/application (14.0ms)
Completed 200 OK in 32ms (Views: 30.0ms | ActiveRecord: 0.0ms)


Started GET "/" for 127.0.0.1 at 2018-06-28 17:36:39 +0800
Processing by TodoListsController#index as HTML
  Rendering todo_lists/index.html.erb within layouts/application
  [1m[36mTodoList Load (0.1ms)[0m  [1m[34mSELECT "todo_lists".* FROM "todo_lists"[0m
  Rendered todo_lists/index.html.erb within layouts/application (2.9ms)
Completed 200 OK in 21ms (Views: 19.3ms | ActiveRecord: 0.4ms)


Started GET "/" for ::1 at 2018-06-28 17:41:13 +0800
  [1m[35m (0.1ms)[0m  [1m[34mSELECT "schema_migrations"."version" FROM "schema_migrations" ORDER BY "schema_migrations"."version" ASC[0m
Processing by TodoListsController#index as HTML
  Rendering todo_lists/index.html.erb within layouts/application
  [1m[36mTodoList Load (0.2ms)[0m  [1m[34mSELECT "todo_lists".* FROM "todo_lists"[0m
  Rendered todo_lists/index.html.erb within layouts/application (13.9ms)
Completed 200 OK in 190ms (Views: 161.8ms | ActiveRecord: 1.4ms)


Started GET "/todo_lists/new" for ::1 at 2018-06-28 19:14:47 +0800
  [1m[35m (0.1ms)[0m  [1m[34mSELECT "schema_migrations"."version" FROM "schema_migrations" ORDER BY "schema_migrations"."version" ASC[0m
Processing by TodoListsController#new as HTML
  Rendering todo_lists/new.html.erb within layouts/application
  Rendered todo_lists/_form.html.erb (45.3ms)
  Rendered todo_lists/new.html.erb within layouts/application (48.8ms)
Completed 200 OK in 227ms (Views: 197.2ms | ActiveRecord: 0.9ms)


Started GET "/" for ::1 at 2018-06-28 19:14:51 +0800
Processing by TodoListsController#index as HTML
  Rendering todo_lists/index.html.erb within layouts/application
  [1m[36mTodoList Load (0.1ms)[0m  [1m[34mSELECT "todo_lists".* FROM "todo_lists"[0m
  Rendered todo_lists/index.html.erb within layouts/application (4.7ms)
Completed 200 OK in 22ms (Views: 19.5ms | ActiveRecord: 0.4ms)


Started GET "/todo_lists/new" for ::1 at 2018-06-28 19:15:03 +0800
Processing by TodoListsController#new as HTML
  Rendering todo_lists/new.html.erb within layouts/application
  Rendered todo_lists/_form.html.erb (2.2ms)
  Rendered todo_lists/new.html.erb within layouts/application (3.8ms)
Completed 200 OK in 21ms (Views: 19.2ms | ActiveRecord: 0.0ms)


Started GET "/" for ::1 at 2018-06-28 19:15:07 +0800
Processing by TodoListsController#index as HTML
  Rendering todo_lists/index.html.erb within layouts/application
  [1m[36mTodoList Load (0.2ms)[0m  [1m[34mSELECT "todo_lists".* FROM "todo_lists"[0m
  Rendered todo_lists/index.html.erb within layouts/application (1.8ms)
Completed 200 OK in 22ms (Views: 19.4ms | ActiveRecord: 0.2ms)


Started GET "/" for ::1 at 2018-06-28 20:40:25 +0800
  [1m[35m (0.4ms)[0m  [1m[34mSELECT "schema_migrations"."version" FROM "schema_migrations" ORDER BY "schema_migrations"."version" ASC[0m
Processing by TodoListsController#index as HTML
  Rendering todo_lists/index.html.erb within layouts/application
  [1m[36mTodoList Load (1.0ms)[0m  [1m[34mSELECT "todo_lists".* FROM "todo_lists"[0m
  Rendered todo_lists/index.html.erb within layouts/application (15.5ms)
Completed 200 OK in 184ms (Views: 152.7ms | ActiveRecord: 1.6ms)


Started GET "/" for ::1 at 2018-06-29 04:06:00 +0800
  [1m[35m (0.4ms)[0m  [1m[34mSELECT "schema_migrations"."version" FROM "schema_migrations" ORDER BY "schema_migrations"."version" ASC[0m
Processing by TodoListsController#index as HTML
  Rendering todo_lists/index.html.erb within layouts/application
  [1m[36mTodoList Load (0.3ms)[0m  [1m[34mSELECT "todo_lists".* FROM "todo_lists"[0m
  Rendered todo_lists/index.html.erb within layouts/application (10.1ms)
Completed 200 OK in 262ms (Views: 246.3ms | ActiveRecord: 0.9ms)


Started GET "/todo_lists/1" for ::1 at 2018-06-29 04:06:26 +0800
Processing by TodoListsController#show as HTML
  Parameters: {"id"=>"1"}
  [1m[36mTodoList Load (0.3ms)[0m  [1m[34mSELECT  "todo_lists".* FROM "todo_lists" WHERE "todo_lists"."id" = ? LIMIT ?[0m  [["id", 1], ["LIMIT", 1]]
  Rendering todo_lists/show.html.erb within layouts/application
  [1m[36mTodoItem Load (8.4ms)[0m  [1m[34mSELECT "todo_items".* FROM "todo_items" WHERE "todo_items"."todo_list_id" = ?[0m  [["todo_list_id", 1]]
  Rendered collection of templates [0 times] (0.0ms)
  Rendered todo_items/_form.html.erb (72.9ms)
  Rendered todo_lists/show.html.erb within layouts/application (118.4ms)
Completed 200 OK in 159ms (Views: 125.7ms | ActiveRecord: 9.6ms)


Started GET "/" for ::1 at 2018-06-29 04:14:58 +0800
  [1m[35m (0.1ms)[0m  [1m[34mSELECT "schema_migrations"."version" FROM "schema_migrations" ORDER BY "schema_migrations"."version" ASC[0m
Processing by TodoListsController#index as HTML
  Rendering todo_lists/index.html.erb within layouts/application
  [1m[36mTodoList Load (0.2ms)[0m  [1m[34mSELECT "todo_lists".* FROM "todo_lists"[0m
  Rendered todo_lists/index.html.erb within layouts/application (11.0ms)
Completed 200 OK in 155ms (Views: 139.2ms | ActiveRecord: 0.6ms)


Started GET "/todo_lists/1" for ::1 at 2018-06-29 04:15:01 +0800
Processing by TodoListsController#show as HTML
  Parameters: {"id"=>"1"}
  [1m[36mTodoList Load (0.2ms)[0m  [1m[34mSELECT  "todo_lists".* FROM "todo_lists" WHERE "todo_lists"."id" = ? LIMIT ?[0m  [["id", 1], ["LIMIT", 1]]
  Rendering todo_lists/show.html.erb within layouts/application
  [1m[36mTodoItem Load (0.1ms)[0m  [1m[34mSELECT "todo_items".* FROM "todo_items" WHERE "todo_items"."todo_list_id" = ?[0m  [["todo_list_id", 1]]
  Rendered collection of templates [0 times] (0.0ms)
  Rendered todo_items/_form.html.erb (28.2ms)
  Rendered todo_lists/show.html.erb within layouts/application (46.5ms)
Completed 200 OK in 72ms (Views: 60.3ms | ActiveRecord: 6.4ms)


Started POST "/todo_lists/1/todo_items" for ::1 at 2018-06-29 04:15:06 +0800
  
SyntaxError (/Volumes/User/workspace/Ruby_on_Rails/To-do-app/app/controllers/todo_items_controller.rb:2: syntax error, unexpected ':', expecting keyword_end
	before_action : set_todo_list
	              ^):
  
app/controllers/todo_items_controller.rb:2: syntax error, unexpected ':', expecting keyword_end
Started POST "/todo_lists/1/todo_items" for ::1 at 2018-06-29 04:16:32 +0800
  
SyntaxError (/Volumes/User/workspace/Ruby_on_Rails/To-do-app/app/controllers/todo_items_controller.rb:2: syntax error, unexpected ':', expecting keyword_end
	before_action : set_todo_list
	              ^):
  
app/controllers/todo_items_controller.rb:2: syntax error, unexpected ':', expecting keyword_end
